21 03 2022 - 17:41:24.460 [main] INFO  io.javalin.Javalin - 
       __                      __ _            __ __
      / /____ _ _   __ ____ _ / /(_)____      / // /
 __  / // __ `/| | / // __ `// // // __ \    / // /_
/ /_/ // /_/ / | |/ // /_/ // // // / / /   /__  __/
\____/ \__,_/  |___/ \__,_//_//_//_/ /_/      /_/

          https://javalin.io/documentation

21 03 2022 - 17:41:24.487 [main] INFO  org.eclipse.jetty.util.log - Logging initialized @658ms to org.eclipse.jetty.util.log.Slf4jLog
21 03 2022 - 17:41:24.488 [main] INFO  io.javalin.Javalin - Starting Javalin ...
21 03 2022 - 17:41:24.518 [main] INFO  io.javalin.Javalin - You are running Javalin 4.3.0 (released January 13, 2022).
21 03 2022 - 17:41:24.519 [main] INFO  io.javalin.Javalin - No port specified, starting on port 8080. Call start(port) to change ports.
21 03 2022 - 17:41:25.052 [main] INFO  io.javalin.Javalin - Listening on http://localhost:8080/
21 03 2022 - 17:41:25.052 [main] INFO  io.javalin.Javalin - Javalin started in 565ms \o/
21 03 2022 - 17:44:31.993 [JettyServerThreadPool-21] INFO  com.revature.main.Driver - GET request received for /project-1/user
21 03 2022 - 17:44:42.104 [JettyServerThreadPool-18] INFO  com.revature.main.Driver - GET request received for /project-1/users
21 03 2022 - 17:44:58.329 [JettyServerThreadPool-16] INFO  com.revature.main.Driver - GET request received for /project-1/users/1
21 03 2022 - 17:45:03.907 [JettyServerThreadPool-20] INFO  com.revature.main.Driver - GET request received for /project-1/users/16
21 03 2022 - 17:45:08.357 [JettyServerThreadPool-16] INFO  com.revature.main.Driver - GET request received for /project-1/users/160
21 03 2022 - 17:45:08.408 [JettyServerThreadPool-16] WARN  c.r.controller.ExceptionController - SQL error. Exception message is ResultSet not positioned properly, perhaps you need to call next.
21 03 2022 - 17:45:16.411 [JettyServerThreadPool-20] INFO  com.revature.main.Driver - GET request received for /project-1/users/160
21 03 2022 - 17:45:16.454 [JettyServerThreadPool-20] WARN  c.r.controller.ExceptionController - SQL error. Exception message is ResultSet not positioned properly, perhaps you need to call next.
21 03 2022 - 17:46:46.422 [JettyServerThreadPool-14] INFO  com.revature.main.Driver - GET request received for /project-1/users/11
21 03 2022 - 17:46:50.460 [JettyServerThreadPool-27] INFO  com.revature.main.Driver - GET request received for /project-1/users/1100
21 03 2022 - 17:46:50.503 [JettyServerThreadPool-27] WARN  c.r.controller.ExceptionController - SQL error. Exception message is ResultSet not positioned properly, perhaps you need to call next.
21 03 2022 - 17:48:15.818 [main] INFO  io.javalin.Javalin - 
       __                      __ _            __ __
      / /____ _ _   __ ____ _ / /(_)____      / // /
 __  / // __ `/| | / // __ `// // // __ \    / // /_
/ /_/ // /_/ / | |/ // /_/ // // // / / /   /__  __/
\____/ \__,_/  |___/ \__,_//_//_//_/ /_/      /_/

          https://javalin.io/documentation

21 03 2022 - 17:48:15.844 [main] INFO  org.eclipse.jetty.util.log - Logging initialized @619ms to org.eclipse.jetty.util.log.Slf4jLog
21 03 2022 - 17:48:15.845 [main] INFO  io.javalin.Javalin - Starting Javalin ...
21 03 2022 - 17:48:15.871 [main] INFO  io.javalin.Javalin - You are running Javalin 4.3.0 (released January 13, 2022).
21 03 2022 - 17:48:15.872 [main] INFO  io.javalin.Javalin - No port specified, starting on port 8080. Call start(port) to change ports.
21 03 2022 - 17:48:16.440 [main] INFO  io.javalin.Javalin - Listening on http://localhost:8080/
21 03 2022 - 17:48:16.441 [main] INFO  io.javalin.Javalin - Javalin started in 596ms \o/
21 03 2022 - 17:48:36.145 [JettyServerThreadPool-20] INFO  com.revature.main.Driver - GET request received for /project-1/users
21 03 2022 - 17:48:53.633 [JettyServerThreadPool-19] INFO  com.revature.main.Driver - GET request received for /project-1/users/1100
21 03 2022 - 17:48:53.687 [JettyServerThreadPool-19] WARN  c.r.controller.ExceptionController - User was not found. User with id 1100 does not exist
21 03 2022 - 17:53:16.566 [JettyServerThreadPool-14] INFO  com.revature.main.Driver - POST request received for /project-1/users
21 03 2022 - 17:53:16.617 [JettyServerThreadPool-14] WARN  io.javalin.Javalin - Uncaught exception
com.fasterxml.jackson.databind.exc.InvalidDefinitionException: Cannot construct instance of `com.revature.dto.UserDTO` (no Creators, like default constructor, exist): cannot deserialize from Object value (no delegate- or property-based Creator)
 at [Source: (String)"{
    "userName":"lilWiggy",
    "password":"password",
    "firstName":"Ralph",
    "lastName":"Wiggum",
    "email":"rwiggum@revature.com",
    "roleId":2
}"; line: 2, column: 5]
	at com.fasterxml.jackson.databind.exc.InvalidDefinitionException.from(InvalidDefinitionException.java:67)
	at com.fasterxml.jackson.databind.DeserializationContext.reportBadDefinition(DeserializationContext.java:1904)
	at com.fasterxml.jackson.databind.DatabindContext.reportBadDefinition(DatabindContext.java:400)
	at com.fasterxml.jackson.databind.DeserializationContext.handleMissingInstantiator(DeserializationContext.java:1349)
	at com.fasterxml.jackson.databind.deser.BeanDeserializerBase.deserializeFromObjectUsingNonDefault(BeanDeserializerBase.java:1415)
	at com.fasterxml.jackson.databind.deser.BeanDeserializer.deserializeFromObject(BeanDeserializer.java:351)
	at com.fasterxml.jackson.databind.deser.BeanDeserializer.deserialize(BeanDeserializer.java:184)
	at com.fasterxml.jackson.databind.deser.DefaultDeserializationContext.readRootValue(DefaultDeserializationContext.java:322)
	at com.fasterxml.jackson.databind.ObjectMapper._readMapAndClose(ObjectMapper.java:4674)
	at com.fasterxml.jackson.databind.ObjectMapper.readValue(ObjectMapper.java:3629)
	at com.fasterxml.jackson.databind.ObjectMapper.readValue(ObjectMapper.java:3597)
	at io.javalin.plugin.json.JavalinJackson.fromJsonString(JavalinJackson.kt:37)
	at io.javalin.http.Context.bodyAsClass(Context.kt:114)
	at com.revature.controller.UserContoller.lambda$new$2(UserContoller.java:24)
	at io.javalin.core.security.SecurityUtil.noopAccessManager(SecurityUtil.kt:20)
	at io.javalin.http.JavalinServlet.addHandler$lambda-5(JavalinServlet.kt:115)
	at io.javalin.http.JavalinServlet$service$tryBeforeAndEndpointHandlers$1.invoke(JavalinServlet.kt:44)
	at io.javalin.http.JavalinServlet$service$tryBeforeAndEndpointHandlers$1.invoke(JavalinServlet.kt:39)
	at io.javalin.http.JavalinServlet.service$tryWithExceptionMapper(JavalinServlet.kt:131)
	at io.javalin.http.JavalinServlet.service$tryBeforeAndEndpointHandlers(JavalinServlet.kt:39)
	at io.javalin.http.JavalinServlet.service(JavalinServlet.kt:87)
	at javax.servlet.http.HttpServlet.service(HttpServlet.java:790)
	at io.javalin.jetty.JavalinJettyServlet.service(JavalinJettyServlet.kt:58)
	at javax.servlet.http.HttpServlet.service(HttpServlet.java:790)
	at org.eclipse.jetty.servlet.ServletHolder.handle(ServletHolder.java:799)
	at org.eclipse.jetty.servlet.ServletHandler.doHandle(ServletHandler.java:550)
	at org.eclipse.jetty.server.handler.ScopedHandler.nextHandle(ScopedHandler.java:233)
	at org.eclipse.jetty.server.session.SessionHandler.doHandle(SessionHandler.java:1624)
	at org.eclipse.jetty.server.handler.ScopedHandler.nextHandle(ScopedHandler.java:233)
	at io.javalin.jetty.JettyServer$start$wsAndHttpHandler$1.doHandle(JettyServer.kt:52)
	at org.eclipse.jetty.server.handler.ScopedHandler.nextScope(ScopedHandler.java:188)
	at org.eclipse.jetty.servlet.ServletHandler.doScope(ServletHandler.java:501)
	at org.eclipse.jetty.server.session.SessionHandler.doScope(SessionHandler.java:1594)
	at org.eclipse.jetty.server.handler.ScopedHandler.nextScope(ScopedHandler.java:186)
	at org.eclipse.jetty.server.handler.ContextHandler.doScope(ContextHandler.java:1349)
	at org.eclipse.jetty.server.handler.ScopedHandler.handle(ScopedHandler.java:141)
	at org.eclipse.jetty.server.handler.StatisticsHandler.handle(StatisticsHandler.java:179)
	at org.eclipse.jetty.server.handler.HandlerWrapper.handle(HandlerWrapper.java:127)
	at org.eclipse.jetty.server.Server.handle(Server.java:516)
	at org.eclipse.jetty.server.HttpChannel.lambda$handle$1(HttpChannel.java:400)
	at org.eclipse.jetty.server.HttpChannel.dispatch(HttpChannel.java:645)
	at org.eclipse.jetty.server.HttpChannel.handle(HttpChannel.java:392)
	at org.eclipse.jetty.server.HttpConnection.onFillable(HttpConnection.java:277)
	at org.eclipse.jetty.io.AbstractConnection$ReadCallback.succeeded(AbstractConnection.java:311)
	at org.eclipse.jetty.io.FillInterest.fillable(FillInterest.java:105)
	at org.eclipse.jetty.io.ChannelEndPoint$1.run(ChannelEndPoint.java:104)
	at org.eclipse.jetty.util.thread.strategy.EatWhatYouKill.runTask(EatWhatYouKill.java:338)
	at org.eclipse.jetty.util.thread.strategy.EatWhatYouKill.doProduce(EatWhatYouKill.java:315)
	at org.eclipse.jetty.util.thread.strategy.EatWhatYouKill.tryProduce(EatWhatYouKill.java:173)
	at org.eclipse.jetty.util.thread.strategy.EatWhatYouKill.produce(EatWhatYouKill.java:137)
	at org.eclipse.jetty.util.thread.QueuedThreadPool.runJob(QueuedThreadPool.java:883)
	at org.eclipse.jetty.util.thread.QueuedThreadPool$Runner.run(QueuedThreadPool.java:1034)
	at java.base/java.lang.Thread.run(Thread.java:834)
21 03 2022 - 17:54:57.148 [main] INFO  io.javalin.Javalin - 
       __                      __ _            __ __
      / /____ _ _   __ ____ _ / /(_)____      / // /
 __  / // __ `/| | / // __ `// // // __ \    / // /_
/ /_/ // /_/ / | |/ // /_/ // // // / / /   /__  __/
\____/ \__,_/  |___/ \__,_//_//_//_/ /_/      /_/

          https://javalin.io/documentation

21 03 2022 - 17:54:57.175 [main] INFO  org.eclipse.jetty.util.log - Logging initialized @630ms to org.eclipse.jetty.util.log.Slf4jLog
21 03 2022 - 17:54:57.177 [main] INFO  io.javalin.Javalin - Starting Javalin ...
21 03 2022 - 17:54:57.207 [main] INFO  io.javalin.Javalin - You are running Javalin 4.3.0 (released January 13, 2022).
21 03 2022 - 17:54:57.207 [main] INFO  io.javalin.Javalin - No port specified, starting on port 8080. Call start(port) to change ports.
21 03 2022 - 17:54:57.757 [main] INFO  io.javalin.Javalin - Listening on http://localhost:8080/
21 03 2022 - 17:54:57.757 [main] INFO  io.javalin.Javalin - Javalin started in 581ms \o/
21 03 2022 - 17:55:04.318 [JettyServerThreadPool-26] INFO  com.revature.main.Driver - POST request received for /project-1/users
21 03 2022 - 17:55:04.645 [JettyServerThreadPool-26] WARN  c.r.controller.ExceptionController - Parameter specified as non-null is null. null
21 03 2022 - 17:55:04.650 [JettyServerThreadPool-26] ERROR io.javalin.Javalin - Exception occurred while servicing http-request
java.lang.NullPointerException: Parameter specified as non-null is null: method io.javalin.http.Context.json, parameter obj
	at io.javalin.http.Context.json(Context.kt)
	at com.revature.controller.ExceptionController.lambda$new$3(ExceptionController.java:44)
	at io.javalin.http.ExceptionMapper.handle$javalin(ExceptionMapper.kt:26)
	at io.javalin.http.JavalinServlet.service$tryWithExceptionMapper(JavalinServlet.kt:133)
	at io.javalin.http.JavalinServlet.service$tryBeforeAndEndpointHandlers(JavalinServlet.kt:39)
	at io.javalin.http.JavalinServlet.service(JavalinServlet.kt:87)
	at javax.servlet.http.HttpServlet.service(HttpServlet.java:790)
	at io.javalin.jetty.JavalinJettyServlet.service(JavalinJettyServlet.kt:58)
	at javax.servlet.http.HttpServlet.service(HttpServlet.java:790)
	at org.eclipse.jetty.servlet.ServletHolder.handle(ServletHolder.java:799)
	at org.eclipse.jetty.servlet.ServletHandler.doHandle(ServletHandler.java:550)
	at org.eclipse.jetty.server.handler.ScopedHandler.nextHandle(ScopedHandler.java:233)
	at org.eclipse.jetty.server.session.SessionHandler.doHandle(SessionHandler.java:1624)
	at org.eclipse.jetty.server.handler.ScopedHandler.nextHandle(ScopedHandler.java:233)
	at io.javalin.jetty.JettyServer$start$wsAndHttpHandler$1.doHandle(JettyServer.kt:52)
	at org.eclipse.jetty.server.handler.ScopedHandler.nextScope(ScopedHandler.java:188)
	at org.eclipse.jetty.servlet.ServletHandler.doScope(ServletHandler.java:501)
	at org.eclipse.jetty.server.session.SessionHandler.doScope(SessionHandler.java:1594)
	at org.eclipse.jetty.server.handler.ScopedHandler.nextScope(ScopedHandler.java:186)
	at org.eclipse.jetty.server.handler.ContextHandler.doScope(ContextHandler.java:1349)
	at org.eclipse.jetty.server.handler.ScopedHandler.handle(ScopedHandler.java:141)
	at org.eclipse.jetty.server.handler.StatisticsHandler.handle(StatisticsHandler.java:179)
	at org.eclipse.jetty.server.handler.HandlerWrapper.handle(HandlerWrapper.java:127)
	at org.eclipse.jetty.server.Server.handle(Server.java:516)
	at org.eclipse.jetty.server.HttpChannel.lambda$handle$1(HttpChannel.java:400)
	at org.eclipse.jetty.server.HttpChannel.dispatch(HttpChannel.java:645)
	at org.eclipse.jetty.server.HttpChannel.handle(HttpChannel.java:392)
	at org.eclipse.jetty.server.HttpConnection.onFillable(HttpConnection.java:277)
	at org.eclipse.jetty.io.AbstractConnection$ReadCallback.succeeded(AbstractConnection.java:311)
	at org.eclipse.jetty.io.FillInterest.fillable(FillInterest.java:105)
	at org.eclipse.jetty.io.ChannelEndPoint$1.run(ChannelEndPoint.java:104)
	at org.eclipse.jetty.util.thread.QueuedThreadPool.runJob(QueuedThreadPool.java:883)
	at org.eclipse.jetty.util.thread.QueuedThreadPool$Runner.run(QueuedThreadPool.java:1034)
	at java.base/java.lang.Thread.run(Thread.java:834)
21 03 2022 - 17:58:54.944 [main] INFO  io.javalin.Javalin - 
       __                      __ _            __ __
      / /____ _ _   __ ____ _ / /(_)____      / // /
 __  / // __ `/| | / // __ `// // // __ \    / // /_
/ /_/ // /_/ / | |/ // /_/ // // // / / /   /__  __/
\____/ \__,_/  |___/ \__,_//_//_//_/ /_/      /_/

          https://javalin.io/documentation

21 03 2022 - 17:58:54.974 [main] INFO  org.eclipse.jetty.util.log - Logging initialized @695ms to org.eclipse.jetty.util.log.Slf4jLog
21 03 2022 - 17:58:54.975 [main] INFO  io.javalin.Javalin - Starting Javalin ...
21 03 2022 - 17:58:55.001 [main] INFO  io.javalin.Javalin - You are running Javalin 4.3.0 (released January 13, 2022).
21 03 2022 - 17:58:55.001 [main] INFO  io.javalin.Javalin - No port specified, starting on port 8080. Call start(port) to change ports.
21 03 2022 - 17:58:55.527 [main] INFO  io.javalin.Javalin - Listening on http://localhost:8080/
21 03 2022 - 17:58:55.527 [main] INFO  io.javalin.Javalin - Javalin started in 552ms \o/
21 03 2022 - 17:59:01.966 [JettyServerThreadPool-15] INFO  com.revature.main.Driver - POST request received for /project-1/users
21 03 2022 - 17:59:02.213 [JettyServerThreadPool-15] WARN  c.r.controller.ExceptionController - Parameter specified as non-null is null. null
21 03 2022 - 17:59:02.217 [JettyServerThreadPool-15] ERROR io.javalin.Javalin - Exception occurred while servicing http-request
java.lang.NullPointerException: Parameter specified as non-null is null: method io.javalin.http.Context.json, parameter obj
	at io.javalin.http.Context.json(Context.kt)
	at com.revature.controller.ExceptionController.lambda$new$3(ExceptionController.java:44)
	at io.javalin.http.ExceptionMapper.handle$javalin(ExceptionMapper.kt:26)
	at io.javalin.http.JavalinServlet.service$tryWithExceptionMapper(JavalinServlet.kt:133)
	at io.javalin.http.JavalinServlet.service$tryBeforeAndEndpointHandlers(JavalinServlet.kt:39)
	at io.javalin.http.JavalinServlet.service(JavalinServlet.kt:87)
	at javax.servlet.http.HttpServlet.service(HttpServlet.java:790)
	at io.javalin.jetty.JavalinJettyServlet.service(JavalinJettyServlet.kt:58)
	at javax.servlet.http.HttpServlet.service(HttpServlet.java:790)
	at org.eclipse.jetty.servlet.ServletHolder.handle(ServletHolder.java:799)
	at org.eclipse.jetty.servlet.ServletHandler.doHandle(ServletHandler.java:550)
	at org.eclipse.jetty.server.handler.ScopedHandler.nextHandle(ScopedHandler.java:233)
	at org.eclipse.jetty.server.session.SessionHandler.doHandle(SessionHandler.java:1624)
	at org.eclipse.jetty.server.handler.ScopedHandler.nextHandle(ScopedHandler.java:233)
	at io.javalin.jetty.JettyServer$start$wsAndHttpHandler$1.doHandle(JettyServer.kt:52)
	at org.eclipse.jetty.server.handler.ScopedHandler.nextScope(ScopedHandler.java:188)
	at org.eclipse.jetty.servlet.ServletHandler.doScope(ServletHandler.java:501)
	at org.eclipse.jetty.server.session.SessionHandler.doScope(SessionHandler.java:1594)
	at org.eclipse.jetty.server.handler.ScopedHandler.nextScope(ScopedHandler.java:186)
	at org.eclipse.jetty.server.handler.ContextHandler.doScope(ContextHandler.java:1349)
	at org.eclipse.jetty.server.handler.ScopedHandler.handle(ScopedHandler.java:141)
	at org.eclipse.jetty.server.handler.StatisticsHandler.handle(StatisticsHandler.java:179)
	at org.eclipse.jetty.server.handler.HandlerWrapper.handle(HandlerWrapper.java:127)
	at org.eclipse.jetty.server.Server.handle(Server.java:516)
	at org.eclipse.jetty.server.HttpChannel.lambda$handle$1(HttpChannel.java:400)
	at org.eclipse.jetty.server.HttpChannel.dispatch(HttpChannel.java:645)
	at org.eclipse.jetty.server.HttpChannel.handle(HttpChannel.java:392)
	at org.eclipse.jetty.server.HttpConnection.onFillable(HttpConnection.java:277)
	at org.eclipse.jetty.io.AbstractConnection$ReadCallback.succeeded(AbstractConnection.java:311)
	at org.eclipse.jetty.io.FillInterest.fillable(FillInterest.java:105)
	at org.eclipse.jetty.io.ChannelEndPoint$1.run(ChannelEndPoint.java:104)
	at org.eclipse.jetty.util.thread.QueuedThreadPool.runJob(QueuedThreadPool.java:883)
	at org.eclipse.jetty.util.thread.QueuedThreadPool$Runner.run(QueuedThreadPool.java:1034)
	at java.base/java.lang.Thread.run(Thread.java:834)
21 03 2022 - 17:59:38.590 [main] INFO  io.javalin.Javalin - 
       __                      __ _            __ __
      / /____ _ _   __ ____ _ / /(_)____      / // /
 __  / // __ `/| | / // __ `// // // __ \    / // /_
/ /_/ // /_/ / | |/ // /_/ // // // / / /   /__  __/
\____/ \__,_/  |___/ \__,_//_//_//_/ /_/      /_/

          https://javalin.io/documentation

21 03 2022 - 17:59:38.624 [main] INFO  org.eclipse.jetty.util.log - Logging initialized @748ms to org.eclipse.jetty.util.log.Slf4jLog
21 03 2022 - 17:59:38.625 [main] INFO  io.javalin.Javalin - Starting Javalin ...
21 03 2022 - 17:59:38.658 [main] INFO  io.javalin.Javalin - You are running Javalin 4.3.0 (released January 13, 2022).
21 03 2022 - 17:59:38.658 [main] INFO  io.javalin.Javalin - No port specified, starting on port 8080. Call start(port) to change ports.
21 03 2022 - 17:59:39.185 [main] INFO  io.javalin.Javalin - Listening on http://localhost:8080/
21 03 2022 - 17:59:39.186 [main] INFO  io.javalin.Javalin - Javalin started in 560ms \o/
21 03 2022 - 17:59:47.594 [JettyServerThreadPool-29] INFO  com.revature.main.Driver - POST request received for /project-1/users
21 03 2022 - 18:01:13.034 [main] INFO  io.javalin.Javalin - 
       __                      __ _            __ __
      / /____ _ _   __ ____ _ / /(_)____      / // /
 __  / // __ `/| | / // __ `// // // __ \    / // /_
/ /_/ // /_/ / | |/ // /_/ // // // / / /   /__  __/
\____/ \__,_/  |___/ \__,_//_//_//_/ /_/      /_/

          https://javalin.io/documentation

21 03 2022 - 18:01:13.063 [main] INFO  org.eclipse.jetty.util.log - Logging initialized @625ms to org.eclipse.jetty.util.log.Slf4jLog
21 03 2022 - 18:01:13.064 [main] INFO  io.javalin.Javalin - Starting Javalin ...
21 03 2022 - 18:01:13.094 [main] INFO  io.javalin.Javalin - You are running Javalin 4.3.0 (released January 13, 2022).
21 03 2022 - 18:01:13.094 [main] INFO  io.javalin.Javalin - No port specified, starting on port 8080. Call start(port) to change ports.
21 03 2022 - 18:01:13.638 [main] INFO  io.javalin.Javalin - Listening on http://localhost:8080/
21 03 2022 - 18:01:13.638 [main] INFO  io.javalin.Javalin - Javalin started in 574ms \o/
21 03 2022 - 18:01:20.888 [JettyServerThreadPool-21] INFO  com.revature.main.Driver - POST request received for /project-1/users
21 03 2022 - 18:01:21.417 [JettyServerThreadPool-21] WARN  c.r.controller.ExceptionController - SQL error. Exception message is ERROR: column "ers_password" of relation "users" does not exist
  Position: 30
21 03 2022 - 18:02:46.606 [main] INFO  io.javalin.Javalin - 
       __                      __ _            __ __
      / /____ _ _   __ ____ _ / /(_)____      / // /
 __  / // __ `/| | / // __ `// // // __ \    / // /_
/ /_/ // /_/ / | |/ // /_/ // // // / / /   /__  __/
\____/ \__,_/  |___/ \__,_//_//_//_/ /_/      /_/

          https://javalin.io/documentation

21 03 2022 - 18:02:46.635 [main] INFO  org.eclipse.jetty.util.log - Logging initialized @773ms to org.eclipse.jetty.util.log.Slf4jLog
21 03 2022 - 18:02:46.637 [main] INFO  io.javalin.Javalin - Starting Javalin ...
21 03 2022 - 18:02:46.663 [main] INFO  io.javalin.Javalin - You are running Javalin 4.3.0 (released January 13, 2022).
21 03 2022 - 18:02:46.664 [main] INFO  io.javalin.Javalin - No port specified, starting on port 8080. Call start(port) to change ports.
21 03 2022 - 18:02:47.213 [main] INFO  io.javalin.Javalin - Listening on http://localhost:8080/
21 03 2022 - 18:02:47.213 [main] INFO  io.javalin.Javalin - Javalin started in 577ms \o/
21 03 2022 - 18:02:51.679 [JettyServerThreadPool-18] INFO  com.revature.main.Driver - POST request received for /project-1/users
21 03 2022 - 18:02:52.219 [JettyServerThreadPool-18] WARN  c.r.controller.ExceptionController - SQL error. Exception message is ERROR: column "ers_password" of relation "users" does not exist
  Position: 30
21 03 2022 - 18:03:41.449 [main] INFO  io.javalin.Javalin - 
       __                      __ _            __ __
      / /____ _ _   __ ____ _ / /(_)____      / // /
 __  / // __ `/| | / // __ `// // // __ \    / // /_
/ /_/ // /_/ / | |/ // /_/ // // // / / /   /__  __/
\____/ \__,_/  |___/ \__,_//_//_//_/ /_/      /_/

          https://javalin.io/documentation

21 03 2022 - 18:03:41.495 [main] INFO  org.eclipse.jetty.util.log - Logging initialized @759ms to org.eclipse.jetty.util.log.Slf4jLog
21 03 2022 - 18:03:41.497 [main] INFO  io.javalin.Javalin - Starting Javalin ...
21 03 2022 - 18:03:41.532 [main] INFO  io.javalin.Javalin - You are running Javalin 4.3.0 (released January 13, 2022).
21 03 2022 - 18:03:41.532 [main] INFO  io.javalin.Javalin - No port specified, starting on port 8080. Call start(port) to change ports.
21 03 2022 - 18:03:42.101 [main] INFO  io.javalin.Javalin - Listening on http://localhost:8080/
21 03 2022 - 18:03:42.101 [main] INFO  io.javalin.Javalin - Javalin started in 605ms \o/
21 03 2022 - 18:03:44.700 [JettyServerThreadPool-29] INFO  com.revature.main.Driver - POST request received for /project-1/users
21 03 2022 - 18:04:52.767 [main] INFO  io.javalin.Javalin - 
       __                      __ _            __ __
      / /____ _ _   __ ____ _ / /(_)____      / // /
 __  / // __ `/| | / // __ `// // // __ \    / // /_
/ /_/ // /_/ / | |/ // /_/ // // // / / /   /__  __/
\____/ \__,_/  |___/ \__,_//_//_//_/ /_/      /_/

          https://javalin.io/documentation

21 03 2022 - 18:04:52.793 [main] INFO  org.eclipse.jetty.util.log - Logging initialized @579ms to org.eclipse.jetty.util.log.Slf4jLog
21 03 2022 - 18:04:52.795 [main] INFO  io.javalin.Javalin - Starting Javalin ...
21 03 2022 - 18:04:52.821 [main] INFO  io.javalin.Javalin - You are running Javalin 4.3.0 (released January 13, 2022).
21 03 2022 - 18:04:52.821 [main] INFO  io.javalin.Javalin - No port specified, starting on port 8080. Call start(port) to change ports.
21 03 2022 - 18:04:53.349 [main] INFO  io.javalin.Javalin - Listening on http://localhost:8080/
21 03 2022 - 18:04:53.349 [main] INFO  io.javalin.Javalin - Javalin started in 555ms \o/
21 03 2022 - 18:04:57.108 [JettyServerThreadPool-21] INFO  com.revature.main.Driver - POST request received for /project-1/users
21 03 2022 - 18:04:57.630 [JettyServerThreadPool-21] WARN  c.r.controller.ExceptionController - SQL error. Exception message is ERROR: column "ers_password" of relation "users" does not exist
  Position: 30
21 03 2022 - 18:10:38.134 [main] INFO  io.javalin.Javalin - 
       __                      __ _            __ __
      / /____ _ _   __ ____ _ / /(_)____      / // /
 __  / // __ `/| | / // __ `// // // __ \    / // /_
/ /_/ // /_/ / | |/ // /_/ // // // / / /   /__  __/
\____/ \__,_/  |___/ \__,_//_//_//_/ /_/      /_/

          https://javalin.io/documentation

21 03 2022 - 18:10:38.159 [main] INFO  org.eclipse.jetty.util.log - Logging initialized @711ms to org.eclipse.jetty.util.log.Slf4jLog
21 03 2022 - 18:10:38.160 [main] INFO  io.javalin.Javalin - Starting Javalin ...
21 03 2022 - 18:10:38.184 [main] INFO  io.javalin.Javalin - You are running Javalin 4.3.0 (released January 13, 2022).
21 03 2022 - 18:10:38.184 [main] INFO  io.javalin.Javalin - No port specified, starting on port 8080. Call start(port) to change ports.
21 03 2022 - 18:10:38.676 [main] INFO  io.javalin.Javalin - Listening on http://localhost:8080/
21 03 2022 - 18:10:38.677 [main] INFO  io.javalin.Javalin - Javalin started in 518ms \o/
21 03 2022 - 18:12:29.671 [main] INFO  io.javalin.Javalin - 
       __                      __ _            __ __
      / /____ _ _   __ ____ _ / /(_)____      / // /
 __  / // __ `/| | / // __ `// // // __ \    / // /_
/ /_/ // /_/ / | |/ // /_/ // // // / / /   /__  __/
\____/ \__,_/  |___/ \__,_//_//_//_/ /_/      /_/

          https://javalin.io/documentation

21 03 2022 - 18:12:29.695 [main] INFO  org.eclipse.jetty.util.log - Logging initialized @593ms to org.eclipse.jetty.util.log.Slf4jLog
21 03 2022 - 18:12:29.696 [main] INFO  io.javalin.Javalin - Starting Javalin ...
21 03 2022 - 18:12:29.722 [main] INFO  io.javalin.Javalin - You are running Javalin 4.3.0 (released January 13, 2022).
21 03 2022 - 18:12:29.723 [main] INFO  io.javalin.Javalin - No port specified, starting on port 8080. Call start(port) to change ports.
21 03 2022 - 18:12:30.225 [main] INFO  io.javalin.Javalin - Listening on http://localhost:8080/
21 03 2022 - 18:12:30.225 [main] INFO  io.javalin.Javalin - Javalin started in 529ms \o/
21 03 2022 - 18:12:36.170 [JettyServerThreadPool-26] INFO  com.revature.main.Driver - POST request received for /project-1/users
21 03 2022 - 18:12:36.683 [JettyServerThreadPool-26] WARN  c.r.controller.ExceptionController - SQL error. Exception message is ERROR: column "ers_password" of relation "users" does not exist
  Position: 30
21 03 2022 - 18:12:53.700 [main] INFO  io.javalin.Javalin - 
       __                      __ _            __ __
      / /____ _ _   __ ____ _ / /(_)____      / // /
 __  / // __ `/| | / // __ `// // // __ \    / // /_
/ /_/ // /_/ / | |/ // /_/ // // // / / /   /__  __/
\____/ \__,_/  |___/ \__,_//_//_//_/ /_/      /_/

          https://javalin.io/documentation

21 03 2022 - 18:12:53.743 [main] INFO  org.eclipse.jetty.util.log - Logging initialized @789ms to org.eclipse.jetty.util.log.Slf4jLog
21 03 2022 - 18:12:53.745 [main] INFO  io.javalin.Javalin - Starting Javalin ...
21 03 2022 - 18:12:53.779 [main] INFO  io.javalin.Javalin - You are running Javalin 4.3.0 (released January 13, 2022).
21 03 2022 - 18:12:53.779 [main] INFO  io.javalin.Javalin - No port specified, starting on port 8080. Call start(port) to change ports.
21 03 2022 - 18:12:54.331 [main] INFO  io.javalin.Javalin - Listening on http://localhost:8080/
21 03 2022 - 18:12:54.332 [main] INFO  io.javalin.Javalin - Javalin started in 588ms \o/
21 03 2022 - 18:12:57.129 [JettyServerThreadPool-19] INFO  com.revature.main.Driver - POST request received for /project-1/users
21 03 2022 - 18:14:37.774 [JettyServerThreadPool-19] WARN  c.r.controller.ExceptionController - SQL error. Exception message is ERROR: column "ers_password" of relation "users" does not exist
  Position: 30
21 03 2022 - 20:55:57.068 [main] INFO  io.javalin.Javalin - 
       __                      __ _            __ __
      / /____ _ _   __ ____ _ / /(_)____      / // /
 __  / // __ `/| | / // __ `// // // __ \    / // /_
/ /_/ // /_/ / | |/ // /_/ // // // / / /   /__  __/
\____/ \__,_/  |___/ \__,_//_//_//_/ /_/      /_/

          https://javalin.io/documentation

21 03 2022 - 20:55:57.100 [main] INFO  org.eclipse.jetty.util.log - Logging initialized @674ms to org.eclipse.jetty.util.log.Slf4jLog
21 03 2022 - 20:55:57.102 [main] INFO  io.javalin.Javalin - Starting Javalin ...
21 03 2022 - 20:55:57.134 [main] INFO  io.javalin.Javalin - You are running Javalin 4.3.0 (released January 13, 2022).
21 03 2022 - 20:55:57.134 [main] INFO  io.javalin.Javalin - No port specified, starting on port 8080. Call start(port) to change ports.
21 03 2022 - 20:55:57.724 [main] INFO  io.javalin.Javalin - Listening on http://localhost:8080/
21 03 2022 - 20:55:57.724 [main] INFO  io.javalin.Javalin - Javalin started in 623ms \o/
21 03 2022 - 20:56:38.597 [main] INFO  io.javalin.Javalin - 
       __                      __ _            __ __
      / /____ _ _   __ ____ _ / /(_)____      / // /
 __  / // __ `/| | / // __ `// // // __ \    / // /_
/ /_/ // /_/ / | |/ // /_/ // // // / / /   /__  __/
\____/ \__,_/  |___/ \__,_//_//_//_/ /_/      /_/

          https://javalin.io/documentation

21 03 2022 - 20:56:38.637 [main] INFO  org.eclipse.jetty.util.log - Logging initialized @799ms to org.eclipse.jetty.util.log.Slf4jLog
21 03 2022 - 20:56:38.639 [main] INFO  io.javalin.Javalin - Starting Javalin ...
21 03 2022 - 20:56:38.677 [main] INFO  io.javalin.Javalin - You are running Javalin 4.3.0 (released January 13, 2022).
21 03 2022 - 20:56:38.677 [main] INFO  io.javalin.Javalin - No port specified, starting on port 8080. Call start(port) to change ports.
21 03 2022 - 20:56:39.297 [main] INFO  io.javalin.Javalin - Listening on http://localhost:8080/
21 03 2022 - 20:56:39.297 [main] INFO  io.javalin.Javalin - Javalin started in 659ms \o/
21 03 2022 - 20:56:43.214 [JettyServerThreadPool-29] INFO  com.revature.main.Driver - POST request received for /project-1/users
21 03 2022 - 21:00:07.798 [main] INFO  io.javalin.Javalin - 
       __                      __ _            __ __
      / /____ _ _   __ ____ _ / /(_)____      / // /
 __  / // __ `/| | / // __ `// // // __ \    / // /_
/ /_/ // /_/ / | |/ // /_/ // // // / / /   /__  __/
\____/ \__,_/  |___/ \__,_//_//_//_/ /_/      /_/

          https://javalin.io/documentation

21 03 2022 - 21:00:07.825 [main] INFO  org.eclipse.jetty.util.log - Logging initialized @599ms to org.eclipse.jetty.util.log.Slf4jLog
21 03 2022 - 21:00:07.826 [main] INFO  io.javalin.Javalin - Starting Javalin ...
21 03 2022 - 21:00:07.852 [main] INFO  io.javalin.Javalin - You are running Javalin 4.3.0 (released January 13, 2022).
21 03 2022 - 21:00:07.853 [main] INFO  io.javalin.Javalin - No port specified, starting on port 8080. Call start(port) to change ports.
21 03 2022 - 21:00:08.360 [main] INFO  io.javalin.Javalin - Listening on http://localhost:8080/
21 03 2022 - 21:00:08.360 [main] INFO  io.javalin.Javalin - Javalin started in 534ms \o/
21 03 2022 - 21:00:12.530 [JettyServerThreadPool-26] INFO  com.revature.main.Driver - POST request received for /project-1/users
21 03 2022 - 21:00:13.057 [JettyServerThreadPool-26] WARN  c.r.controller.ExceptionController - SQL error. Exception message is ResultSet not positioned properly, perhaps you need to call next.
21 03 2022 - 21:04:36.507 [JettyServerThreadPool-14] INFO  com.revature.main.Driver - POST request received for /project-1/users
21 03 2022 - 21:04:36.561 [JettyServerThreadPool-14] WARN  c.r.controller.ExceptionController - SQL error. Exception message is ERROR: duplicate key value violates unique constraint "ers_users_user_name_key"
  Detail: Key (user_name)=(lilWiggy) already exists.
21 03 2022 - 21:09:39.839 [JettyServerThreadPool-19] INFO  com.revature.main.Driver - DELETE request received for /project-1/users/19
21 03 2022 - 21:09:55.658 [JettyServerThreadPool-17] INFO  com.revature.main.Driver - POST request received for /project-1/users
21 03 2022 - 21:09:55.709 [JettyServerThreadPool-17] WARN  c.r.controller.ExceptionController - SQL error. Exception message is ResultSet not positioned properly, perhaps you need to call next.
21 03 2022 - 21:10:18.611 [JettyServerThreadPool-19] INFO  com.revature.main.Driver - DELETE request received for /project-1/users/19
21 03 2022 - 21:10:29.907 [JettyServerThreadPool-17] INFO  com.revature.main.Driver - DELETE request received for /project-1/users/20
21 03 2022 - 21:10:38.648 [JettyServerThreadPool-19] INFO  com.revature.main.Driver - DELETE request received for /project-1/users/21
21 03 2022 - 21:13:32.807 [main] INFO  io.javalin.Javalin - 
       __                      __ _            __ __
      / /____ _ _   __ ____ _ / /(_)____      / // /
 __  / // __ `/| | / // __ `// // // __ \    / // /_
/ /_/ // /_/ / | |/ // /_/ // // // / / /   /__  __/
\____/ \__,_/  |___/ \__,_//_//_//_/ /_/      /_/

          https://javalin.io/documentation

21 03 2022 - 21:13:32.847 [main] INFO  org.eclipse.jetty.util.log - Logging initialized @708ms to org.eclipse.jetty.util.log.Slf4jLog
21 03 2022 - 21:13:32.849 [main] INFO  io.javalin.Javalin - Starting Javalin ...
21 03 2022 - 21:13:32.887 [main] INFO  io.javalin.Javalin - You are running Javalin 4.3.0 (released January 13, 2022).
21 03 2022 - 21:13:32.888 [main] INFO  io.javalin.Javalin - No port specified, starting on port 8080. Call start(port) to change ports.
21 03 2022 - 21:13:33.449 [main] INFO  io.javalin.Javalin - Listening on http://localhost:8080/
21 03 2022 - 21:13:33.449 [main] INFO  io.javalin.Javalin - Javalin started in 601ms \o/
21 03 2022 - 21:16:30.008 [JettyServerThreadPool-23] INFO  com.revature.main.Driver - POST request received for /project-1/users
21 03 2022 - 21:17:04.854 [JettyServerThreadPool-23] WARN  c.r.controller.ExceptionController - SQL error. Exception message is ResultSet not positioned properly, perhaps you need to call next.
21 03 2022 - 21:17:32.367 [JettyServerThreadPool-24] INFO  com.revature.main.Driver - DELETE request received for /project-1/users/21
21 03 2022 - 21:17:46.212 [JettyServerThreadPool-17] INFO  com.revature.main.Driver - DELETE request received for /project-1/users/22
21 03 2022 - 21:22:46.436 [main] INFO  io.javalin.Javalin - 
       __                      __ _            __ __
      / /____ _ _   __ ____ _ / /(_)____      / // /
 __  / // __ `/| | / // __ `// // // __ \    / // /_
/ /_/ // /_/ / | |/ // /_/ // // // / / /   /__  __/
\____/ \__,_/  |___/ \__,_//_//_//_/ /_/      /_/

          https://javalin.io/documentation

21 03 2022 - 21:22:46.473 [main] INFO  org.eclipse.jetty.util.log - Logging initialized @709ms to org.eclipse.jetty.util.log.Slf4jLog
21 03 2022 - 21:22:46.475 [main] INFO  io.javalin.Javalin - Starting Javalin ...
21 03 2022 - 21:22:46.509 [main] INFO  io.javalin.Javalin - You are running Javalin 4.3.0 (released January 13, 2022).
21 03 2022 - 21:22:46.509 [main] INFO  io.javalin.Javalin - No port specified, starting on port 8080. Call start(port) to change ports.
21 03 2022 - 21:22:47.064 [main] INFO  io.javalin.Javalin - Listening on http://localhost:8080/
21 03 2022 - 21:22:47.065 [main] INFO  io.javalin.Javalin - Javalin started in 591ms \o/
21 03 2022 - 21:25:20.737 [main] INFO  io.javalin.Javalin - 
       __                      __ _            __ __
      / /____ _ _   __ ____ _ / /(_)____      / // /
 __  / // __ `/| | / // __ `// // // __ \    / // /_
/ /_/ // /_/ / | |/ // /_/ // // // / / /   /__  __/
\____/ \__,_/  |___/ \__,_//_//_//_/ /_/      /_/

          https://javalin.io/documentation

21 03 2022 - 21:25:20.770 [main] INFO  org.eclipse.jetty.util.log - Logging initialized @710ms to org.eclipse.jetty.util.log.Slf4jLog
21 03 2022 - 21:25:20.772 [main] INFO  io.javalin.Javalin - Starting Javalin ...
21 03 2022 - 21:25:20.805 [main] INFO  io.javalin.Javalin - You are running Javalin 4.3.0 (released January 13, 2022).
21 03 2022 - 21:25:20.805 [main] INFO  io.javalin.Javalin - No port specified, starting on port 8080. Call start(port) to change ports.
21 03 2022 - 21:25:21.369 [main] INFO  io.javalin.Javalin - Listening on http://localhost:8080/
21 03 2022 - 21:25:21.369 [main] INFO  io.javalin.Javalin - Javalin started in 598ms \o/
21 03 2022 - 21:25:25.274 [JettyServerThreadPool-21] INFO  com.revature.main.Driver - POST request received for /project-1/users
21 03 2022 - 21:26:00.589 [JettyServerThreadPool-21] WARN  c.r.controller.ExceptionController - SQL error. Exception message is ResultSet not positioned properly, perhaps you need to call next.
21 03 2022 - 21:26:21.474 [main] INFO  io.javalin.Javalin - 
       __                      __ _            __ __
      / /____ _ _   __ ____ _ / /(_)____      / // /
 __  / // __ `/| | / // __ `// // // __ \    / // /_
/ /_/ // /_/ / | |/ // /_/ // // // / / /   /__  __/
\____/ \__,_/  |___/ \__,_//_//_//_/ /_/      /_/

          https://javalin.io/documentation

21 03 2022 - 21:26:21.503 [main] INFO  org.eclipse.jetty.util.log - Logging initialized @619ms to org.eclipse.jetty.util.log.Slf4jLog
21 03 2022 - 21:26:21.504 [main] INFO  io.javalin.Javalin - Starting Javalin ...
21 03 2022 - 21:26:21.530 [main] INFO  io.javalin.Javalin - You are running Javalin 4.3.0 (released January 13, 2022).
21 03 2022 - 21:26:21.530 [main] INFO  io.javalin.Javalin - No port specified, starting on port 8080. Call start(port) to change ports.
21 03 2022 - 21:26:22.043 [main] INFO  io.javalin.Javalin - Listening on http://localhost:8080/
21 03 2022 - 21:26:22.043 [main] INFO  io.javalin.Javalin - Javalin started in 539ms \o/
21 03 2022 - 21:26:33.594 [JettyServerThreadPool-26] INFO  com.revature.main.Driver - DELETE request received for /project-1/users/23
21 03 2022 - 21:26:37.967 [JettyServerThreadPool-20] INFO  com.revature.main.Driver - POST request received for /project-1/users
21 03 2022 - 21:26:38.096 [JettyServerThreadPool-20] WARN  c.r.controller.ExceptionController - SQL error. Exception message is ResultSet not positioned properly, perhaps you need to call next.
21 03 2022 - 21:27:59.978 [main] INFO  io.javalin.Javalin - 
       __                      __ _            __ __
      / /____ _ _   __ ____ _ / /(_)____      / // /
 __  / // __ `/| | / // __ `// // // __ \    / // /_
/ /_/ // /_/ / | |/ // /_/ // // // / / /   /__  __/
\____/ \__,_/  |___/ \__,_//_//_//_/ /_/      /_/

          https://javalin.io/documentation

21 03 2022 - 21:28:00.007 [main] INFO  org.eclipse.jetty.util.log - Logging initialized @594ms to org.eclipse.jetty.util.log.Slf4jLog
21 03 2022 - 21:28:00.009 [main] INFO  io.javalin.Javalin - Starting Javalin ...
21 03 2022 - 21:28:00.038 [main] INFO  io.javalin.Javalin - You are running Javalin 4.3.0 (released January 13, 2022).
21 03 2022 - 21:28:00.038 [main] INFO  io.javalin.Javalin - No port specified, starting on port 8080. Call start(port) to change ports.
21 03 2022 - 21:28:00.646 [main] INFO  io.javalin.Javalin - Listening on http://localhost:8080/
21 03 2022 - 21:28:00.646 [main] INFO  io.javalin.Javalin - Javalin started in 638ms \o/
21 03 2022 - 21:28:09.594 [JettyServerThreadPool-18] INFO  com.revature.main.Driver - DELETE request received for /project-1/users/24
21 03 2022 - 21:28:14.690 [JettyServerThreadPool-20] INFO  com.revature.main.Driver - POST request received for /project-1/users
21 03 2022 - 21:28:14.820 [JettyServerThreadPool-20] WARN  c.r.controller.ExceptionController - SQL error. Exception message is ResultSet not positioned properly, perhaps you need to call next.
21 03 2022 - 21:44:39.468 [main] INFO  io.javalin.Javalin - 
       __                      __ _            __ __
      / /____ _ _   __ ____ _ / /(_)____      / // /
 __  / // __ `/| | / // __ `// // // __ \    / // /_
/ /_/ // /_/ / | |/ // /_/ // // // / / /   /__  __/
\____/ \__,_/  |___/ \__,_//_//_//_/ /_/      /_/

          https://javalin.io/documentation

21 03 2022 - 21:44:39.495 [main] INFO  org.eclipse.jetty.util.log - Logging initialized @626ms to org.eclipse.jetty.util.log.Slf4jLog
21 03 2022 - 21:44:39.496 [main] INFO  io.javalin.Javalin - Starting Javalin ...
21 03 2022 - 21:44:39.524 [main] INFO  io.javalin.Javalin - You are running Javalin 4.3.0 (released January 13, 2022).
21 03 2022 - 21:44:39.524 [main] INFO  io.javalin.Javalin - No port specified, starting on port 8080. Call start(port) to change ports.
21 03 2022 - 21:44:40.054 [main] INFO  io.javalin.Javalin - Listening on http://localhost:8080/
21 03 2022 - 21:44:40.054 [main] INFO  io.javalin.Javalin - Javalin started in 559ms \o/
21 03 2022 - 21:44:56.889 [JettyServerThreadPool-26] INFO  com.revature.main.Driver - DELETE request received for /project-1/users/25
21 03 2022 - 21:45:06.132 [JettyServerThreadPool-19] INFO  com.revature.main.Driver - POST request received for /project-1/users
21 03 2022 - 21:45:06.263 [JettyServerThreadPool-19] WARN  c.r.controller.ExceptionController - SQL error. Exception message is ResultSet not positioned properly, perhaps you need to call next.
23 03 2022 - 12:48:58.293 [main] INFO  io.javalin.Javalin - 
       __                      __ _            __ __
      / /____ _ _   __ ____ _ / /(_)____      / // /
 __  / // __ `/| | / // __ `// // // __ \    / // /_
/ /_/ // /_/ / | |/ // /_/ // // // / / /   /__  __/
\____/ \__,_/  |___/ \__,_//_//_//_/ /_/      /_/

          https://javalin.io/documentation

23 03 2022 - 12:48:58.335 [main] INFO  org.eclipse.jetty.util.log - Logging initialized @896ms to org.eclipse.jetty.util.log.Slf4jLog
23 03 2022 - 12:48:58.336 [main] INFO  io.javalin.Javalin - Starting Javalin ...
23 03 2022 - 12:48:58.371 [main] INFO  io.javalin.Javalin - You are running Javalin 4.3.0 (released January 13, 2022).
23 03 2022 - 12:48:58.371 [main] INFO  io.javalin.Javalin - No port specified, starting on port 8080. Call start(port) to change ports.
23 03 2022 - 12:48:59.012 [main] INFO  io.javalin.Javalin - Listening on http://localhost:8080/
23 03 2022 - 12:48:59.012 [main] INFO  io.javalin.Javalin - Javalin started in 677ms \o/
23 03 2022 - 12:49:04.505 [JettyServerThreadPool-26] INFO  com.revature.main.Driver - POST request received for /project-1/login
23 03 2022 - 12:49:29.167 [main] INFO  io.javalin.Javalin - 
       __                      __ _            __ __
      / /____ _ _   __ ____ _ / /(_)____      / // /
 __  / // __ `/| | / // __ `// // // __ \    / // /_
/ /_/ // /_/ / | |/ // /_/ // // // / / /   /__  __/
\____/ \__,_/  |___/ \__,_//_//_//_/ /_/      /_/

          https://javalin.io/documentation

23 03 2022 - 12:49:29.197 [main] INFO  org.eclipse.jetty.util.log - Logging initialized @678ms to org.eclipse.jetty.util.log.Slf4jLog
23 03 2022 - 12:49:29.199 [main] INFO  io.javalin.Javalin - Starting Javalin ...
23 03 2022 - 12:49:29.229 [main] INFO  io.javalin.Javalin - You are running Javalin 4.3.0 (released January 13, 2022).
23 03 2022 - 12:49:29.230 [main] INFO  io.javalin.Javalin - No port specified, starting on port 8080. Call start(port) to change ports.
23 03 2022 - 12:49:29.853 [main] INFO  io.javalin.Javalin - Listening on http://localhost:8080/
23 03 2022 - 12:49:29.853 [main] INFO  io.javalin.Javalin - Javalin started in 655ms \o/
23 03 2022 - 12:49:34.538 [JettyServerThreadPool-15] INFO  com.revature.main.Driver - POST request received for /project-1/login
